[GIN-debug] GET    /api/signin               --> github.com/devrodriguez/multitienda-api/controllers.SignIn (4 handlers)
[GIN-debug] GET    /api/stores               --> github.com/devrodriguez/multitienda-api/controllers.GetStores (4 handlers)
[GIN-debug] POST   /api/stores               --> github.com/devrodriguez/multitienda-api/controllers.CreateStore (4 handlers)
[GIN-debug] Listening and serving HTTP on :3001
::1 - [Wed, 22 Apr 2020 22:01:11 -05] "GET /api/stores HTTP/1.1 200 90.9976ms "Mozilla/5.0 (Windows NT 10.0; Win64; x64) AppleWebKit/537.36 (KHTML, like Gecko) Chrome/81.0.4044.113 Safari/537.36" "
::1 - [Wed, 22 Apr 2020 22:01:11 -05] "GET /favicon.ico HTTP/1.1 404 0s "Mozilla/5.0 (Windows NT 10.0; Win64; x64) AppleWebKit/537.36 (KHTML, like Gecko) Chrome/81.0.4044.113 Safari/537.36" "
::1 - [Wed, 22 Apr 2020 22:02:14 -05] "GET /api/stores HTTP/1.1 200 90.9644ms "PostmanRuntime/7.24.1" "
::1 - [Wed, 22 Apr 2020 22:02:27 -05] "POST /api/stores HTTP/1.1 200 139.0093ms "PostmanRuntime/7.24.1" "
::1 - [Wed, 22 Apr 2020 22:02:32 -05] "GET /api/stores HTTP/1.1 200 113.6159ms "PostmanRuntime/7.24.1" "
::1 - [Wed, 22 Apr 2020 22:02:35 -05] "GET /api/stores HTTP/1.1 200 90.1329ms "Mozilla/5.0 (Windows NT 10.0; Win64; x64) AppleWebKit/537.36 (KHTML, like Gecko) Chrome/81.0.4044.113 Safari/537.36" "
::1 - [Wed, 22 Apr 2020 22:03:00 -05] "GET /api/stores HTTP/1.1 200 405.8362ms "Mozilla/5.0 (Windows NT 10.0; Win64; x64) AppleWebKit/537.36 (KHTML, like Gecko) Chrome/81.0.4044.113 Safari/537.36" "
::1 - [Wed, 22 Apr 2020 22:04:10 -05] "GET /api/stores HTTP/1.1 200 114.004ms "Mozilla/5.0 (Windows NT 10.0; Win64; x64) AppleWebKit/537.36 (KHTML, like Gecko) Chrome/81.0.4044.113 Safari/537.36" "
::1 - [Wed, 22 Apr 2020 22:08:11 -05] "GET /api/stores HTTP/1.1 200 93.9969ms "Mozilla/5.0 (Windows NT 10.0; Win64; x64) AppleWebKit/537.36 (KHTML, like Gecko) Chrome/81.0.4044.113 Safari/537.36" "
::1 - [Wed, 22 Apr 2020 22:08:34 -05] "GET /api/stores HTTP/1.1 200 92.9963ms "Mozilla/5.0 (Windows NT 10.0; Win64; x64) AppleWebKit/537.36 (KHTML, like Gecko) Chrome/81.0.4044.113 Safari/537.36" "
::1 - [Wed, 22 Apr 2020 22:09:01 -05] "POST /api/stores HTTP/1.1 200 108.9914ms "PostmanRuntime/7.24.1" "
::1 - [Wed, 22 Apr 2020 22:09:08 -05] "GET /api/stores HTTP/1.1 200 90.9967ms "Mozilla/5.0 (Windows NT 10.0; Win64; x64) AppleWebKit/537.36 (KHTML, like Gecko) Chrome/81.0.4044.113 Safari/537.36" "
::1 - [Wed, 22 Apr 2020 22:09:21 -05] "GET /api/stores HTTP/1.1 200 99.9934ms "Mozilla/5.0 (Windows NT 10.0; Win64; x64) AppleWebKit/537.36 (KHTML, like Gecko) Chrome/81.0.4044.113 Safari/537.36" "
::1 - [Wed, 22 Apr 2020 22:09:38 -05] "GET /api/stores HTTP/1.1 200 90.9903ms "Mozilla/5.0 (Windows NT 10.0; Win64; x64) AppleWebKit/537.36 (KHTML, like Gecko) Chrome/81.0.4044.113 Safari/537.36" "
::1 - [Wed, 22 Apr 2020 22:10:30 -05] "POST /api/stores HTTP/1.1 200 106.5637ms "PostmanRuntime/7.24.1" "
::1 - [Wed, 22 Apr 2020 22:10:36 -05] "GET /api/stores HTTP/1.1 200 96.8512ms "Mozilla/5.0 (Windows NT 10.0; Win64; x64) AppleWebKit/537.36 (KHTML, like Gecko) Chrome/81.0.4044.113 Safari/537.36" "
::1 - [Wed, 22 Apr 2020 22:10:41 -05] "GET /api/stores HTTP/1.1 200 101.0014ms "Mozilla/5.0 (Windows NT 10.0; Win64; x64) AppleWebKit/537.36 (KHTML, like Gecko) Chrome/81.0.4044.113 Safari/537.36" "
::1 - [Wed, 22 Apr 2020 22:11:56 -05] "GET /api/stores HTTP/1.1 200 91.0424ms "Mozilla/5.0 (Windows NT 10.0; Win64; x64) AppleWebKit/537.36 (KHTML, like Gecko) Chrome/81.0.4044.113 Safari/537.36" "
::1 - [Wed, 22 Apr 2020 22:12:23 -05] "GET /api/stores HTTP/1.1 200 95.0123ms "Mozilla/5.0 (Windows NT 10.0; Win64; x64) AppleWebKit/537.36 (KHTML, like Gecko) Chrome/81.0.4044.113 Safari/537.36" "
::1 - [Wed, 22 Apr 2020 22:12:44 -05] "GET /api/stores HTTP/1.1 200 93.9889ms "Mozilla/5.0 (Windows NT 10.0; Win64; x64) AppleWebKit/537.36 (KHTML, like Gecko) Chrome/81.0.4044.113 Safari/537.36" "
::1 - [Wed, 22 Apr 2020 22:14:41 -05] "POST /api/stores HTTP/1.1 200 94.9972ms "PostmanRuntime/7.24.1" "
::1 - [Wed, 22 Apr 2020 22:14:48 -05] "GET /api/stores HTTP/1.1 200 533.0014ms "Mozilla/5.0 (Windows NT 10.0; Win64; x64) AppleWebKit/537.36 (KHTML, like Gecko) Chrome/81.0.4044.113 Safari/537.36" "
::1 - [Wed, 22 Apr 2020 22:14:59 -05] "GET /api/stores HTTP/1.1 200 97.9912ms "Mozilla/5.0 (Windows NT 10.0; Win64; x64) AppleWebKit/537.36 (KHTML, like Gecko) Chrome/81.0.4044.113 Safari/537.36" "
::1 - [Wed, 22 Apr 2020 22:15:14 -05] "GET /api/stores HTTP/1.1 200 92.005ms "Mozilla/5.0 (Windows NT 10.0; Win64; x64) AppleWebKit/537.36 (KHTML, like Gecko) Chrome/81.0.4044.113 Safari/537.36" "
::1 - [Wed, 22 Apr 2020 22:17:37 -05] "GET /api/stores HTTP/1.1 200 105.9966ms "Mozilla/5.0 (Windows NT 10.0; Win64; x64) AppleWebKit/537.36 (KHTML, like Gecko) Chrome/81.0.4044.113 Safari/537.36" "
::1 - [Wed, 22 Apr 2020 22:18:55 -05] "GET /api/stores HTTP/1.1 200 90.0046ms "Mozilla/5.0 (Windows NT 10.0; Win64; x64) AppleWebKit/537.36 (KHTML, like Gecko) Chrome/81.0.4044.113 Safari/537.36" "
::1 - [Wed, 22 Apr 2020 22:19:15 -05] "GET /api/stores HTTP/1.1 200 97.9939ms "Mozilla/5.0 (Windows NT 10.0; Win64; x64) AppleWebKit/537.36 (KHTML, like Gecko) Chrome/81.0.4044.113 Safari/537.36" "
::1 - [Wed, 22 Apr 2020 22:24:10 -05] "GET /api/stores HTTP/1.1 200 811.9988ms "Mozilla/5.0 (Windows NT 10.0; Win64; x64) AppleWebKit/537.36 (KHTML, like Gecko) Chrome/81.0.4044.113 Safari/537.36" "
::1 - [Wed, 22 Apr 2020 22:24:40 -05] "GET /api/stores HTTP/1.1 200 99.0029ms "Mozilla/5.0 (Windows NT 10.0; Win64; x64) AppleWebKit/537.36 (KHTML, like Gecko) Chrome/81.0.4044.113 Safari/537.36" "
::1 - [Wed, 22 Apr 2020 22:25:18 -05] "GET /api/stores HTTP/1.1 200 99.999ms "Mozilla/5.0 (Windows NT 10.0; Win64; x64) AppleWebKit/537.36 (KHTML, like Gecko) Chrome/81.0.4044.113 Safari/537.36" "
::1 - [Wed, 22 Apr 2020 22:25:30 -05] "GET /api/stores HTTP/1.1 200 91.0026ms "Mozilla/5.0 (Windows NT 10.0; Win64; x64) AppleWebKit/537.36 (KHTML, like Gecko) Chrome/81.0.4044.113 Safari/537.36" "
::1 - [Wed, 22 Apr 2020 22:27:18 -05] "GET /api/stores HTTP/1.1 200 94.0219ms "Mozilla/5.0 (Windows NT 10.0; Win64; x64) AppleWebKit/537.36 (KHTML, like Gecko) Chrome/81.0.4044.113 Safari/537.36" "
::1 - [Wed, 22 Apr 2020 22:28:26 -05] "GET /api/stores HTTP/1.1 200 112.9838ms "Mozilla/5.0 (Windows NT 10.0; Win64; x64) AppleWebKit/537.36 (KHTML, like Gecko) Chrome/81.0.4044.113 Safari/537.36" "
::1 - [Wed, 22 Apr 2020 22:29:11 -05] "GET /api/stores HTTP/1.1 200 102.0079ms "Mozilla/5.0 (Windows NT 10.0; Win64; x64) AppleWebKit/537.36 (KHTML, like Gecko) Chrome/81.0.4044.113 Safari/537.36" "
